#
# There is insufficient memory for the Java Runtime Environment to continue.
# Native memory allocation (mmap) failed to map 268435456 bytes for Failed to commit area from 0x00000006c1c00000 to 0x00000006d1c00000 of length 268435456.
# Possible reasons:
#   The system is out of physical RAM or swap space
#   The process is running with CompressedOops enabled, and the Java Heap may be blocking the growth of the native heap
# Possible solutions:
#   Reduce memory load on the system
#   Increase physical memory or swap space
#   Check if swap backing store is full
#   Decrease Java heap size (-Xmx/-Xms)
#   Decrease number of Java threads
#   Decrease Java thread stack sizes (-Xss)
#   Set larger code cache with -XX:ReservedCodeCacheSize=
# This output file may be truncated or incomplete.
#
#  Out of Memory Error (t:/workspace/open/src/hotspot/os/windows/os_windows.cpp:3221), pid=18232, tid=24424
#
# JRE version:  (10.0.2+13) (build )
# Java VM: Java HotSpot(TM) 64-Bit Server VM (10.0.2+13, mixed mode, aot, tiered, compressed oops, g1 gc, windows-amd64)
# No core dump will be written. Minidumps are not enabled by default on client versions of Windows
#

---------------  S U M M A R Y ------------

Command Line: -XX:TieredStopAtLevel=1 -Xverify:none -Dspring.output.ansi.enabled=always -Dcom.sun.management.jmxremote -Dspring.jmx.enabled=true -Dspring.liveBeansView.mbeanDomain -Dspring.application.admin.enabled=true -javaagent:D:\JAVA\IntelliJ IDEA 2019.2.2\lib\idea_rt.jar=58394:D:\JAVA\IntelliJ IDEA 2019.2.2\bin -Dfile.encoding=UTF-8 com.example.portfolio.PortfolioApplication

Host: Intel(R) Core(TM) i7-7700HQ CPU @ 2.80GHz, 8 cores, 15G,  Windows 10 , 64 bit Build 19041 (10.0.19041.928)
Time: Wed May 12 12:28:40 2021 ?D1¨²¡À¨º¡Á?¨º¡À?? elapsed time: 0 seconds (0d 0h 0m 0s)

---------------  T H R E A D  ---------------

Current thread (0x0000022c90224800):  JavaThread "Unknown thread" [_thread_in_vm, id=24424, stack(0x0000004eb4400000,0x0000004eb4500000)]

Stack: [0x0000004eb4400000,0x0000004eb4500000]
Native frames: (J=compiled Java code, j=interpreted, Vv=VM code, C=native code)
V  [jvm.dll+0x5a01a9]
V  [jvm.dll+0x6bcf31]
V  [jvm.dll+0x6be126]
V  [jvm.dll+0x6be7b3]
V  [jvm.dll+0x234978]
V  [jvm.dll+0x59dac4]
V  [jvm.dll+0x592825]
V  [jvm.dll+0x2f632b]
V  [jvm.dll+0x2f6295]
V  [jvm.dll+0x2f6172]
V  [jvm.dll+0x2f8366]
V  [jvm.dll+0x344293]
V  [jvm.dll+0x3449a6]
V  [jvm.dll+0x344393]
V  [jvm.dll+0x2c4628]
V  [jvm.dll+0x2c5771]
V  [jvm.dll+0x69d1db]
V  [jvm.dll+0x69e9fc]
V  [jvm.dll+0x3519e9]
V  [jvm.dll+0x6856a2]
V  [jvm.dll+0x3ba0c3]
V  [jvm.dll+0x3bc261]
C  [java.exe+0x3531]
C  [java.exe+0xe1af]
C  [java.exe+0xe356]
C  [KERNEL32.DLL+0x17034]
C  [ntdll.dll+0x52651]


---------------  P R O C E S S  ---------------

Threads class SMR info:
_java_thread_list=0x0000022c8dd01350, length=0, elements={
}

Java Threads: ( => current thread )

Other Threads:
  0x0000022c9023e800 GCTaskThread "GC Thread#0" [stack: 0x0000004eb4500000,0x0000004eb4600000] [id=16796]
  0x0000022c90240000 GCTaskThread "GC Thread#1" [stack: 0x0000004eb4600000,0x0000004eb4700000] [id=18860]
  0x0000022c90241800 GCTaskThread "GC Thread#2" [stack: 0x0000004eb4700000,0x0000004eb4800000] [id=3032]
  0x0000022c90244800 GCTaskThread "GC Thread#3" [stack: 0x0000004eb4800000,0x0000004eb4900000] [id=12060]
  0x0000022c90252800 GCTaskThread "GC Thread#4" [stack: 0x0000004eb4900000,0x0000004eb4a00000] [id=25356]
  0x0000022c90253800 GCTaskThread "GC Thread#5" [stack: 0x0000004eb4a00000,0x0000004eb4b00000] [id=14068]
  0x0000022c90257000 GCTaskThread "GC Thread#6" [stack: 0x0000004eb4b00000,0x0000004eb4c00000] [id=22848]
  0x0000022c90258000 GCTaskThread "GC Thread#7" [stack: 0x0000004eb4c00000,0x0000004eb4d00000] [id=2692]
  0x0000022cb4088800 ConcurrentGCThread "G1 Main Marker" [stack: 0x0000004eb4d00000,0x0000004eb4e00000] [id=17552]
  0x0000022c902a1800 ConcurrentGCThread "G1 Conc#0" [stack: 0x0000004eb4e00000,0x0000004eb4f00000] [id=20692]
  0x0000022c902a3000 ConcurrentGCThread "G1 Conc#1" [stack: 0x0000004eb4f00000,0x0000004eb5000000] [id=15572]

[error occurred during error reporting (printing all threads), id 0xe0000002]

VM state:not at safepoint (not fully initialized)

VM Mutex/Monitor currently owned by a thread:  ([mutex/lock_event])
[0x0000022c90222a50] Heap_lock - owner thread: 0x0000022c90224800

Heap address: 0x00000006c1c00000, size: 4068 MB, Compressed Oops mode: Non-zero based: 0x00000006c1c00000
Narrow klass base: 0x0000000000000000, Narrow klass shift: 0

GC Heap History (0 events):
No events

Deoptimization events (0 events):
No events

Classes redefined (0 events):
No events

Internal exceptions (0 events):
No events

Events (0 events):
No events


Dynamic libraries:
0x00007ff6c37f0000 - 0x00007ff6c382e000 	C:\Program Files\Java\jdk-10.0.2\bin\java.exe
0x00007fffe9a10000 - 0x00007fffe9c05000 	C:\WINDOWS\SYSTEM32\ntdll.dll
0x00007fffe7a70000 - 0x00007fffe7b2d000 	C:\WINDOWS\System32\KERNEL32.DLL
0x00007fffe7330000 - 0x00007fffe75f8000 	C:\WINDOWS\System32\KERNELBASE.dll
0x00007fffe9480000 - 0x00007fffe952c000 	C:\WINDOWS\System32\ADVAPI32.dll
0x00007fffe8480000 - 0x00007fffe851e000 	C:\WINDOWS\System32\msvcrt.dll
0x00007fffe7b30000 - 0x00007fffe7bcb000 	C:\WINDOWS\System32\sechost.dll
0x00007fffe8600000 - 0x00007fffe872b000 	C:\WINDOWS\System32\RPCRT4.dll
0x00007fffe8960000 - 0x00007fffe8b00000 	C:\WINDOWS\System32\USER32.dll
0x00007fffe7200000 - 0x00007fffe7222000 	C:\WINDOWS\System32\win32u.dll
0x00007fffe8430000 - 0x00007fffe845a000 	C:\WINDOWS\System32\GDI32.dll
0x00007fffe7720000 - 0x00007fffe782b000 	C:\WINDOWS\System32\gdi32full.dll
0x00007fffe7680000 - 0x00007fffe771d000 	C:\WINDOWS\System32\msvcp_win.dll
0x00007fffe7230000 - 0x00007fffe7330000 	C:\WINDOWS\System32\ucrtbase.dll
0x00007fffd6b90000 - 0x00007fffd6e2a000 	C:\WINDOWS\WinSxS\amd64_microsoft.windows.common-controls_6595b64144ccf1df_6.0.19041.844_none_ca00b6081b84eb1d\COMCTL32.dll
0x00007fffdf7f0000 - 0x00007fffdf7fa000 	C:\WINDOWS\SYSTEM32\VERSION.dll
0x00007fffe7be0000 - 0x00007fffe7c10000 	C:\WINDOWS\System32\IMM32.DLL
0x00007fffe0a20000 - 0x00007fffe0b0f000 	C:\Program Files\Java\jdk-10.0.2\bin\msvcr120.dll
0x00007fffe0970000 - 0x00007fffe0a16000 	C:\Program Files\Java\jdk-10.0.2\bin\msvcp120.dll
0x0000000051990000 - 0x0000000052400000 	C:\Program Files\Java\jdk-10.0.2\bin\server\jvm.dll
0x00007fffe8460000 - 0x00007fffe8468000 	C:\WINDOWS\System32\PSAPI.DLL
0x00007fffdd630000 - 0x00007fffdd657000 	C:\WINDOWS\SYSTEM32\WINMM.dll
0x00007fffd7c20000 - 0x00007fffd7c29000 	C:\WINDOWS\SYSTEM32\WSOCK32.dll
0x00007fffe88f0000 - 0x00007fffe895b000 	C:\WINDOWS\System32\WS2_32.dll
0x00007fffe2510000 - 0x00007fffe251f000 	C:\Program Files\Java\jdk-10.0.2\bin\verify.dll
0x00007fffe43e0000 - 0x00007fffe45c4000 	C:\WINDOWS\SYSTEM32\DBGHELP.DLL
0x00007fffdfea0000 - 0x00007fffdfecc000 	C:\WINDOWS\SYSTEM32\dbgcore.DLL
0x00007fffe7600000 - 0x00007fffe7680000 	C:\WINDOWS\System32\bcryptPrimitives.dll
0x00007fffe2240000 - 0x00007fffe2267000 	C:\Program Files\Java\jdk-10.0.2\bin\java.dll
0x00007fffe1d60000 - 0x00007fffe1d8a000 	C:\Program Files\Java\jdk-10.0.2\bin\instrument.dll
0x00007fffe23e0000 - 0x00007fffe23f6000 	C:\Program Files\Java\jdk-10.0.2\bin\zip.dll
0x00007fffe2230000 - 0x00007fffe223a000 	C:\Program Files\Java\jdk-10.0.2\bin\jimage.dll

dbghelp: loaded successfully - version: 4.0.5 - missing functions: none
symbol engine: initialized successfully - sym options: 0x614 - pdb path: .;C:\Program Files\Java\jdk-10.0.2\bin;C:\WINDOWS\SYSTEM32;C:\WINDOWS\WinSxS\amd64_microsoft.windows.common-controls_6595b64144ccf1df_6.0.19041.844_none_ca00b6081b84eb1d;C:\Program Files\Java\jdk-10.0.2\bin\server

VM Arguments:
jvm_args: -XX:TieredStopAtLevel=1 -Xverify:none -Dspring.output.ansi.enabled=always -Dcom.sun.management.jmxremote -Dspring.jmx.enabled=true -Dspring.liveBeansView.mbeanDomain -Dspring.application.admin.enabled=true -javaagent:D:\JAVA\IntelliJ IDEA 2019.2.2\lib\idea_rt.jar=58394:D:\JAVA\IntelliJ IDEA 2019.2.2\bin -Dfile.encoding=UTF-8 
java_command: com.example.portfolio.PortfolioApplication
java_class_path (initial): D:\xuexizi\graduation\portfolio\target\classes;D:\maven\repository\org\springframework\boot\spring-boot-starter\2.4.5\spring-boot-starter-2.4.5.jar;D:\maven\repository\org\springframework\boot\spring-boot\2.4.5\spring-boot-2.4.5.jar;D:\maven\repository\org\springframework\spring-context\5.3.6\spring-context-5.3.6.jar;D:\maven\repository\org\springframework\boot\spring-boot-autoconfigure\2.4.5\spring-boot-autoconfigure-2.4.5.jar;D:\maven\repository\org\springframework\boot\spring-boot-starter-logging\2.4.5\spring-boot-starter-logging-2.4.5.jar;D:\maven\repository\ch\qos\logback\logback-classic\1.2.3\logback-classic-1.2.3.jar;D:\maven\repository\ch\qos\logback\logback-core\1.2.3\logback-core-1.2.3.jar;D:\maven\repository\org\apache\logging\log4j\log4j-to-slf4j\2.13.3\log4j-to-slf4j-2.13.3.jar;D:\maven\repository\org\apache\logging\log4j\log4j-api\2.13.3\log4j-api-2.13.3.jar;D:\maven\repository\org\slf4j\jul-to-slf4j\1.7.30\jul-to-slf4j-1.7.30.jar;D:\maven\repository\jakarta\annotation\jakarta.annotation-api\1.3.5\jakarta.annotation-api-1.3.5.jar;D:\maven\repository\org\springframework\spring-core\5.3.6\spring-core-5.3.6.jar;D:\maven\repository\org\springframework\spring-jcl\5.3.6\spring-jcl-5.3.6.jar;D:\maven\repository\org\yaml\snakeyaml\1.27\snakeyaml-1.27.jar;D:\maven\repository\org\springframework\boot\spring-boot-starter-web\2.4.5\spring-boot-starter-web-2.4.5.jar;D:\maven\repository\org\springframework\boot\spring-boot-starter-json\2.4.5\spring-boot-starter-json-2.4.5.jar;D:\maven\repository\com\fasterxml\jackson\datatype\jackson-datatype-jdk8\2.11.4\jackson-datatype-jdk8-2.11.4.jar;D:\maven\repository\com\fasterxml\jackson\datatype\jackson-datatype-jsr310\2.11.4\jackson-datatype-jsr310-2.11.4.jar;D:\maven\repository\com\fasterxml\jackson\module\jackson-module-parameter-names\2.11.4\jackson-module-parameter-names-2.11.4.jar;D:\maven\repository\org\springframework\boot\spring-boot-starter-tomcat\2.4.5\spring-boot-starter-tomcat-2.4.5.
Launcher Type: SUN_STANDARD

Logging:
Log output configuration:
#0: stdout all=warning uptime,level,tags
#1: stderr all=off uptime,level,tags

Environment Variables:
JAVA_HOME=C:\Program Files\Java\jdk-10.0.2
CLASSPATH=.;C:\Program Files\Java\jdk-10.0.2\lib;C:\Program Files\Java\jdk-10.0.2\lib\tools.jar
PATH=C:\Windows\System32;C:\WINDOWS\system32;C:\WINDOWS;C:\WINDOWS\System32\Wbem;C:\WINDOWS\System32\WindowsPowerShell\v1.0\;C:\WINDOWS\System32\OpenSSH\;C:\strawberry\c\bin;C:\strawberry\perl\bin;D:\JAVA\apache-maven-3.6.1\bin;D:\Git\cmd;C:\Program Files\Java\jdk1.8.0_212\bin;C:\Program Files\Java\jdk1.8.0_212\jre\bin;C:\WINDOWS\system32;C:\WINDOWS;C:\WINDOWS\System32\Wbem;C:\WINDOWS\System32\WindowsPowerShell\v1.0\;C:\WINDOWS\System32\OpenSSH\;C:\Users\canoexc\AppData\Roaming\JetBrains\WebStorm2020.3\node\node-v14.15.0-win-x64;D:\Python\Anaconda\Anaconda3;D:\Python\Anaconda\Anaconda3\Library\mingw-w64\bin;D:\Python\Anaconda\Anaconda3\Library\usr\bin;D:\Python\Anaconda\Anaconda3\Library\bin;D:\Python\Anaconda\Anaconda3\Scripts;D:\Python\Scripts\;D:\Python\;D:\Scripts\;D:\;C:\Users\canoexc\AppData\Local\Microsoft\WindowsApps;D:\CodeBlocks\MinGW\bin;D:\Sublime Text 3;C:\Users\canoexc\Desktop\1712480209_Ðìå·;D:\Python\pycharm\PyCharm Community Edition 2019.3\bin;C:\Users\canoexc\AppData\Local\GitHubDesktop\bin;%USERPROFILE%\AppData\Local\Microsoft\WindowsApps;
USERNAME=canoexc
OS=Windows_NT
PROCESSOR_IDENTIFIER=Intel64 Family 6 Model 158 Stepping 9, GenuineIntel



---------------  S Y S T E M  ---------------

OS: Windows 10 , 64 bit Build 19041 (10.0.19041.928)

CPU:total 8 (initial active 8) (4 cores per cpu, 2 threads per core) family 6 model 158 stepping 9, cmov, cx8, fxsr, mmx, sse, sse2, sse3, ssse3, sse4.1, sse4.2, popcnt, avx, avx2, aes, clmul, erms, 3dnowpref, lzcnt, ht, tsc, tscinvbit, bmi1, bmi2, adx, fma

Memory: 4k page, physical 16657484k(4831244k free), swap 29397044k(196116k free)

vm_info: Java HotSpot(TM) 64-Bit Server VM (10.0.2+13) for windows-amd64 JRE (10.0.2+13), built on Jun 28 2018 01:57:56 by "mach5one" with MS VC++ 12.0 (VS2013)

END.
